{"/home/pavel/Hexlet/project_2/hexlet_project_2/src/index.js": {"path":"/home/pavel/Hexlet/project_2/hexlet_project_2/src/index.js","statementMap":{"0":{"start":{"line":1,"column":0},"end":{"line":1,"column":20}},"1":{"start":{"line":2,"column":0},"end":{"line":2,"column":24}},"2":{"start":{"line":3,"column":0},"end":{"line":3,"column":30}},"3":{"start":{"line":4,"column":0},"end":{"line":4,"column":23}},"4":{"start":{"line":5,"column":0},"end":{"line":5,"column":54}},"5":{"start":{"line":6,"column":0},"end":{"line":6,"column":0}},"6":{"start":{"line":7,"column":0},"end":{"line":7,"column":46}},"7":{"start":{"line":8,"column":0},"end":{"line":8,"column":16}},"8":{"start":{"line":9,"column":0},"end":{"line":9,"column":17}},"9":{"start":{"line":10,"column":0},"end":{"line":10,"column":87}},"10":{"start":{"line":11,"column":0},"end":{"line":11,"column":94}},"11":{"start":{"line":12,"column":0},"end":{"line":12,"column":97}},"12":{"start":{"line":13,"column":0},"end":{"line":13,"column":3}},"13":{"start":{"line":14,"column":0},"end":{"line":14,"column":85}},"14":{"start":{"line":15,"column":0},"end":{"line":15,"column":94}},"15":{"start":{"line":16,"column":0},"end":{"line":16,"column":97}},"16":{"start":{"line":17,"column":0},"end":{"line":17,"column":3}},"17":{"start":{"line":18,"column":0},"end":{"line":18,"column":47}},"18":{"start":{"line":19,"column":0},"end":{"line":19,"column":49}},"19":{"start":{"line":20,"column":0},"end":{"line":20,"column":65}},"20":{"start":{"line":21,"column":0},"end":{"line":21,"column":19}},"21":{"start":{"line":22,"column":0},"end":{"line":22,"column":29}},"22":{"start":{"line":23,"column":0},"end":{"line":23,"column":58}},"23":{"start":{"line":24,"column":0},"end":{"line":24,"column":47}},"24":{"start":{"line":25,"column":0},"end":{"line":25,"column":52}},"25":{"start":{"line":26,"column":0},"end":{"line":26,"column":14}},"26":{"start":{"line":27,"column":0},"end":{"line":27,"column":52}},"27":{"start":{"line":28,"column":0},"end":{"line":28,"column":53}},"28":{"start":{"line":29,"column":0},"end":{"line":29,"column":7}},"29":{"start":{"line":30,"column":0},"end":{"line":30,"column":5}},"30":{"start":{"line":31,"column":0},"end":{"line":31,"column":59}},"31":{"start":{"line":32,"column":0},"end":{"line":32,"column":50}},"32":{"start":{"line":33,"column":0},"end":{"line":33,"column":5}},"33":{"start":{"line":34,"column":0},"end":{"line":34,"column":59}},"34":{"start":{"line":35,"column":0},"end":{"line":35,"column":51}},"35":{"start":{"line":36,"column":0},"end":{"line":36,"column":5}},"36":{"start":{"line":37,"column":0},"end":{"line":37,"column":5}},"37":{"start":{"line":38,"column":0},"end":{"line":38,"column":18}},"38":{"start":{"line":39,"column":0},"end":{"line":39,"column":22}},"39":{"start":{"line":40,"column":0},"end":{"line":40,"column":16}},"40":{"start":{"line":41,"column":0},"end":{"line":41,"column":2}}},"s":{"0":1,"1":1,"2":1,"3":1,"4":1,"5":1,"6":1,"7":2,"8":2,"9":2,"10":1,"11":1,"12":1,"13":2,"14":1,"15":1,"16":1,"17":2,"18":2,"19":2,"20":2,"21":2,"22":10,"23":4,"24":2,"25":2,"26":2,"27":2,"28":2,"29":4,"30":10,"31":4,"32":4,"33":10,"34":2,"35":2,"36":2,"37":2,"38":2,"39":2,"40":1},"branchMap":{"0":{"type":"branch","line":1,"loc":{"start":{"line":1,"column":0},"end":{"line":41,"column":2}},"locations":[{"start":{"line":1,"column":0},"end":{"line":41,"column":2}}]},"1":{"type":"branch","line":7,"loc":{"start":{"line":7,"column":15},"end":{"line":41,"column":1}},"locations":[{"start":{"line":7,"column":15},"end":{"line":41,"column":1}}]},"2":{"type":"branch","line":10,"loc":{"start":{"line":10,"column":44},"end":{"line":10,"column":84}},"locations":[{"start":{"line":10,"column":44},"end":{"line":10,"column":84}}]},"3":{"type":"branch","line":10,"loc":{"start":{"line":10,"column":86},"end":{"line":13,"column":3}},"locations":[{"start":{"line":10,"column":86},"end":{"line":13,"column":3}}]},"4":{"type":"branch","line":14,"loc":{"start":{"line":14,"column":43},"end":{"line":14,"column":82}},"locations":[{"start":{"line":14,"column":43},"end":{"line":14,"column":82}}]},"5":{"type":"branch","line":14,"loc":{"start":{"line":14,"column":84},"end":{"line":17,"column":3}},"locations":[{"start":{"line":14,"column":84},"end":{"line":17,"column":3}}]},"6":{"type":"branch","line":22,"loc":{"start":{"line":22,"column":19},"end":{"line":37,"column":3}},"locations":[{"start":{"line":22,"column":19},"end":{"line":37,"column":3}}]},"7":{"type":"branch","line":23,"loc":{"start":{"line":23,"column":30},"end":{"line":23,"column":55}},"locations":[{"start":{"line":23,"column":30},"end":{"line":23,"column":55}}]},"8":{"type":"branch","line":23,"loc":{"start":{"line":23,"column":57},"end":{"line":30,"column":5}},"locations":[{"start":{"line":23,"column":57},"end":{"line":30,"column":5}}]},"9":{"type":"branch","line":24,"loc":{"start":{"line":24,"column":46},"end":{"line":29,"column":7}},"locations":[{"start":{"line":24,"column":46},"end":{"line":29,"column":7}}]},"10":{"type":"branch","line":31,"loc":{"start":{"line":31,"column":30},"end":{"line":31,"column":56}},"locations":[{"start":{"line":31,"column":30},"end":{"line":31,"column":56}}]},"11":{"type":"branch","line":31,"loc":{"start":{"line":31,"column":58},"end":{"line":33,"column":5}},"locations":[{"start":{"line":31,"column":58},"end":{"line":33,"column":5}}]},"12":{"type":"branch","line":34,"loc":{"start":{"line":34,"column":31},"end":{"line":34,"column":56}},"locations":[{"start":{"line":34,"column":31},"end":{"line":34,"column":56}}]},"13":{"type":"branch","line":34,"loc":{"start":{"line":34,"column":58},"end":{"line":36,"column":5}},"locations":[{"start":{"line":34,"column":58},"end":{"line":36,"column":5}}]}},"b":{"0":[1],"1":[2],"2":[1],"3":[1],"4":[1],"5":[1],"6":[10],"7":[8],"8":[4],"9":[2],"10":[8],"11":[4],"12":[2],"13":[2]},"fnMap":{"0":{"name":"default","decl":{"start":{"line":7,"column":15},"end":{"line":41,"column":1}},"loc":{"start":{"line":7,"column":15},"end":{"line":41,"column":1}},"line":7}},"f":{"0":2}}
,"/home/pavel/Hexlet/project_2/hexlet_project_2/src/parsers.js": {"path":"/home/pavel/Hexlet/project_2/hexlet_project_2/src/parsers.js","statementMap":{"0":{"start":{"line":1,"column":0},"end":{"line":1,"column":27}},"1":{"start":{"line":2,"column":0},"end":{"line":2,"column":0}},"2":{"start":{"line":3,"column":0},"end":{"line":3,"column":55}},"3":{"start":{"line":4,"column":0},"end":{"line":4,"column":58}}},"s":{"0":1,"1":1,"2":1,"3":1},"branchMap":{"0":{"type":"branch","line":1,"loc":{"start":{"line":1,"column":0},"end":{"line":4,"column":58}},"locations":[{"start":{"line":1,"column":0},"end":{"line":4,"column":58}}]},"1":{"type":"branch","line":3,"loc":{"start":{"line":3,"column":26},"end":{"line":3,"column":54}},"locations":[{"start":{"line":3,"column":26},"end":{"line":3,"column":54}}]},"2":{"type":"branch","line":4,"loc":{"start":{"line":4,"column":26},"end":{"line":4,"column":57}},"locations":[{"start":{"line":4,"column":26},"end":{"line":4,"column":57}}]}},"b":{"0":[1],"1":[2],"2":[2]},"fnMap":{"0":{"name":"parserJson","decl":{"start":{"line":3,"column":26},"end":{"line":3,"column":54}},"loc":{"start":{"line":3,"column":26},"end":{"line":3,"column":54}},"line":3},"1":{"name":"parserYaml","decl":{"start":{"line":4,"column":26},"end":{"line":4,"column":57}},"loc":{"start":{"line":4,"column":26},"end":{"line":4,"column":57}},"line":4}},"f":{"0":2,"1":2}}
}
