{"/home/pavel/Hexlet/project_2/hexlet_project_2/src/index.js": {"path":"/home/pavel/Hexlet/project_2/hexlet_project_2/src/index.js","statementMap":{"0":{"start":{"line":1,"column":0},"end":{"line":1,"column":20}},"1":{"start":{"line":2,"column":0},"end":{"line":2,"column":24}},"2":{"start":{"line":3,"column":0},"end":{"line":3,"column":30}},"3":{"start":{"line":4,"column":0},"end":{"line":4,"column":23}},"4":{"start":{"line":5,"column":0},"end":{"line":5,"column":65}},"5":{"start":{"line":6,"column":0},"end":{"line":6,"column":0}},"6":{"start":{"line":7,"column":0},"end":{"line":7,"column":46}},"7":{"start":{"line":8,"column":0},"end":{"line":8,"column":16}},"8":{"start":{"line":9,"column":0},"end":{"line":9,"column":17}},"9":{"start":{"line":10,"column":0},"end":{"line":10,"column":87}},"10":{"start":{"line":11,"column":0},"end":{"line":11,"column":94}},"11":{"start":{"line":12,"column":0},"end":{"line":12,"column":97}},"12":{"start":{"line":13,"column":0},"end":{"line":13,"column":92}},"13":{"start":{"line":14,"column":0},"end":{"line":14,"column":94}},"14":{"start":{"line":15,"column":0},"end":{"line":15,"column":97}},"15":{"start":{"line":16,"column":0},"end":{"line":16,"column":92}},"16":{"start":{"line":17,"column":0},"end":{"line":17,"column":94}},"17":{"start":{"line":18,"column":0},"end":{"line":18,"column":97}},"18":{"start":{"line":19,"column":0},"end":{"line":19,"column":10}},"19":{"start":{"line":20,"column":0},"end":{"line":20,"column":141}},"20":{"start":{"line":21,"column":0},"end":{"line":21,"column":11}},"21":{"start":{"line":22,"column":0},"end":{"line":22,"column":3}},"22":{"start":{"line":23,"column":0},"end":{"line":23,"column":47}},"23":{"start":{"line":24,"column":0},"end":{"line":24,"column":49}},"24":{"start":{"line":25,"column":0},"end":{"line":25,"column":65}},"25":{"start":{"line":26,"column":0},"end":{"line":26,"column":19}},"26":{"start":{"line":27,"column":0},"end":{"line":27,"column":29}},"27":{"start":{"line":28,"column":0},"end":{"line":28,"column":58}},"28":{"start":{"line":29,"column":0},"end":{"line":29,"column":47}},"29":{"start":{"line":30,"column":0},"end":{"line":30,"column":52}},"30":{"start":{"line":31,"column":0},"end":{"line":31,"column":14}},"31":{"start":{"line":32,"column":0},"end":{"line":32,"column":52}},"32":{"start":{"line":33,"column":0},"end":{"line":33,"column":53}},"33":{"start":{"line":34,"column":0},"end":{"line":34,"column":7}},"34":{"start":{"line":35,"column":0},"end":{"line":35,"column":5}},"35":{"start":{"line":36,"column":0},"end":{"line":36,"column":59}},"36":{"start":{"line":37,"column":0},"end":{"line":37,"column":50}},"37":{"start":{"line":38,"column":0},"end":{"line":38,"column":5}},"38":{"start":{"line":39,"column":0},"end":{"line":39,"column":59}},"39":{"start":{"line":40,"column":0},"end":{"line":40,"column":51}},"40":{"start":{"line":41,"column":0},"end":{"line":41,"column":5}},"41":{"start":{"line":42,"column":0},"end":{"line":42,"column":5}},"42":{"start":{"line":43,"column":0},"end":{"line":43,"column":18}},"43":{"start":{"line":44,"column":0},"end":{"line":44,"column":22}},"44":{"start":{"line":45,"column":0},"end":{"line":45,"column":16}},"45":{"start":{"line":46,"column":0},"end":{"line":46,"column":2}}},"s":{"0":1,"1":1,"2":1,"3":1,"4":1,"5":1,"6":1,"7":3,"8":3,"9":3,"10":1,"11":1,"12":3,"13":1,"14":1,"15":1,"16":1,"17":1,"18":1,"19":0,"20":0,"21":0,"22":3,"23":3,"24":3,"25":3,"26":3,"27":15,"28":6,"29":3,"30":3,"31":3,"32":3,"33":3,"34":6,"35":15,"36":6,"37":6,"38":15,"39":3,"40":3,"41":3,"42":3,"43":3,"44":3,"45":1},"branchMap":{"0":{"type":"branch","line":1,"loc":{"start":{"line":1,"column":0},"end":{"line":46,"column":2}},"locations":[{"start":{"line":1,"column":0},"end":{"line":46,"column":2}}]},"1":{"type":"branch","line":7,"loc":{"start":{"line":7,"column":15},"end":{"line":46,"column":1}},"locations":[{"start":{"line":7,"column":15},"end":{"line":46,"column":1}}]},"2":{"type":"branch","line":10,"loc":{"start":{"line":10,"column":44},"end":{"line":10,"column":84}},"locations":[{"start":{"line":10,"column":44},"end":{"line":10,"column":84}}]},"3":{"type":"branch","line":10,"loc":{"start":{"line":10,"column":86},"end":{"line":13,"column":3}},"locations":[{"start":{"line":10,"column":86},"end":{"line":13,"column":3}}]},"4":{"type":"branch","line":13,"loc":{"start":{"line":13,"column":3},"end":{"line":22,"column":3}},"locations":[{"start":{"line":13,"column":3},"end":{"line":22,"column":3}}]},"5":{"type":"branch","line":13,"loc":{"start":{"line":13,"column":50},"end":{"line":13,"column":89}},"locations":[{"start":{"line":13,"column":50},"end":{"line":13,"column":89}}]},"6":{"type":"branch","line":13,"loc":{"start":{"line":13,"column":91},"end":{"line":22,"column":3}},"locations":[{"start":{"line":13,"column":91},"end":{"line":22,"column":3}}]},"7":{"type":"branch","line":19,"loc":{"start":{"line":19,"column":3},"end":{"line":22,"column":3}},"locations":[{"start":{"line":19,"column":3},"end":{"line":22,"column":3}}]},"8":{"type":"branch","line":27,"loc":{"start":{"line":27,"column":19},"end":{"line":42,"column":3}},"locations":[{"start":{"line":27,"column":19},"end":{"line":42,"column":3}}]},"9":{"type":"branch","line":28,"loc":{"start":{"line":28,"column":30},"end":{"line":28,"column":55}},"locations":[{"start":{"line":28,"column":30},"end":{"line":28,"column":55}}]},"10":{"type":"branch","line":28,"loc":{"start":{"line":28,"column":57},"end":{"line":35,"column":5}},"locations":[{"start":{"line":28,"column":57},"end":{"line":35,"column":5}}]},"11":{"type":"branch","line":29,"loc":{"start":{"line":29,"column":46},"end":{"line":34,"column":7}},"locations":[{"start":{"line":29,"column":46},"end":{"line":34,"column":7}}]},"12":{"type":"branch","line":36,"loc":{"start":{"line":36,"column":30},"end":{"line":36,"column":56}},"locations":[{"start":{"line":36,"column":30},"end":{"line":36,"column":56}}]},"13":{"type":"branch","line":36,"loc":{"start":{"line":36,"column":58},"end":{"line":38,"column":5}},"locations":[{"start":{"line":36,"column":58},"end":{"line":38,"column":5}}]},"14":{"type":"branch","line":39,"loc":{"start":{"line":39,"column":31},"end":{"line":39,"column":56}},"locations":[{"start":{"line":39,"column":31},"end":{"line":39,"column":56}}]},"15":{"type":"branch","line":39,"loc":{"start":{"line":39,"column":58},"end":{"line":41,"column":5}},"locations":[{"start":{"line":39,"column":58},"end":{"line":41,"column":5}}]}},"b":{"0":[1],"1":[3],"2":[1],"3":[1],"4":[2],"5":[1],"6":[1],"7":[0],"8":[15],"9":[12],"10":[6],"11":[3],"12":[12],"13":[6],"14":[3],"15":[3]},"fnMap":{"0":{"name":"default","decl":{"start":{"line":7,"column":15},"end":{"line":46,"column":1}},"loc":{"start":{"line":7,"column":15},"end":{"line":46,"column":1}},"line":7}},"f":{"0":3}}
,"/home/pavel/Hexlet/project_2/hexlet_project_2/src/parsers.js": {"path":"/home/pavel/Hexlet/project_2/hexlet_project_2/src/parsers.js","statementMap":{"0":{"start":{"line":1,"column":0},"end":{"line":1,"column":27}},"1":{"start":{"line":2,"column":0},"end":{"line":2,"column":22}},"2":{"start":{"line":3,"column":0},"end":{"line":3,"column":0}},"3":{"start":{"line":4,"column":0},"end":{"line":4,"column":55}},"4":{"start":{"line":5,"column":0},"end":{"line":5,"column":58}},"5":{"start":{"line":6,"column":0},"end":{"line":6,"column":53}}},"s":{"0":1,"1":1,"2":1,"3":1,"4":1,"5":1},"branchMap":{"0":{"type":"branch","line":1,"loc":{"start":{"line":1,"column":0},"end":{"line":6,"column":53}},"locations":[{"start":{"line":1,"column":0},"end":{"line":6,"column":53}}]},"1":{"type":"branch","line":4,"loc":{"start":{"line":4,"column":26},"end":{"line":4,"column":54}},"locations":[{"start":{"line":4,"column":26},"end":{"line":4,"column":54}}]},"2":{"type":"branch","line":5,"loc":{"start":{"line":5,"column":26},"end":{"line":5,"column":57}},"locations":[{"start":{"line":5,"column":26},"end":{"line":5,"column":57}}]}},"b":{"0":[1],"1":[2],"2":[4]},"fnMap":{"0":{"name":"parserJson","decl":{"start":{"line":4,"column":26},"end":{"line":4,"column":54}},"loc":{"start":{"line":4,"column":26},"end":{"line":4,"column":54}},"line":4},"1":{"name":"parserYaml","decl":{"start":{"line":5,"column":26},"end":{"line":5,"column":57}},"loc":{"start":{"line":5,"column":26},"end":{"line":5,"column":57}},"line":5},"2":{"name":"parserIni","decl":{"start":{"line":6,"column":25},"end":{"line":6,"column":52}},"loc":{"start":{"line":6,"column":25},"end":{"line":6,"column":52}},"line":6}},"f":{"0":2,"1":4,"2":0}}
}
