TN:
SF:src/index.js
FN:7,default
FN:10,fileValue
FNF:2
FNH:2
FNDA:3,default
FNDA:6,fileValue
DA:1,1
DA:2,1
DA:3,1
DA:4,1
DA:5,1
DA:6,1
DA:7,1
DA:8,3
DA:9,3
DA:10,3
DA:11,3
DA:12,1
DA:13,1
DA:14,1
DA:15,3
DA:16,1
DA:17,1
DA:18,1
DA:19,3
DA:20,1
DA:21,1
DA:22,1
DA:23,3
DA:24,3
DA:25,3
DA:26,3
DA:27,3
DA:28,15
DA:29,6
DA:30,3
DA:31,3
DA:32,3
DA:33,3
DA:34,3
DA:35,6
DA:36,15
DA:37,6
DA:38,6
DA:39,15
DA:40,3
DA:41,3
DA:42,3
DA:43,3
DA:44,3
DA:45,3
DA:46,1
LF:46
LH:46
BRDA:1,0,0,1
BRDA:7,1,0,3
BRDA:11,2,0,1
BRDA:11,3,0,1
BRDA:15,4,0,1
BRDA:15,5,0,1
BRDA:19,6,0,1
BRDA:19,7,0,1
BRDA:10,8,0,6
BRDA:27,9,0,15
BRDA:28,10,0,12
BRDA:28,11,0,6
BRDA:29,12,0,3
BRDA:36,13,0,12
BRDA:36,14,0,6
BRDA:39,15,0,3
BRDA:39,16,0,3
BRF:17
BRH:17
end_of_record
TN:
SF:src/parsers.js
FN:4,parserJson
FN:5,parserYaml
FN:6,parserIni
FNF:3
FNH:3
FNDA:2,parserJson
FNDA:2,parserYaml
FNDA:2,parserIni
DA:1,1
DA:2,1
DA:3,1
DA:4,1
DA:5,1
DA:6,1
LF:6
LH:6
BRDA:1,0,0,1
BRDA:4,1,0,2
BRDA:5,2,0,2
BRDA:6,3,0,2
BRF:4
BRH:4
end_of_record
