TN:
SF:src/index.js
FN:7,default
FNF:1
FNH:1
FNDA:2,default
DA:1,1
DA:2,1
DA:3,1
DA:4,1
DA:5,1
DA:6,1
DA:7,1
DA:8,2
DA:9,2
DA:10,2
DA:11,1
DA:12,1
DA:13,1
DA:14,2
DA:15,1
DA:16,1
DA:17,1
DA:18,2
DA:19,2
DA:20,2
DA:21,2
DA:22,2
DA:23,10
DA:24,4
DA:25,2
DA:26,2
DA:27,2
DA:28,2
DA:29,2
DA:30,4
DA:31,10
DA:32,4
DA:33,4
DA:34,10
DA:35,2
DA:36,2
DA:37,2
DA:38,2
DA:39,2
DA:40,2
DA:41,1
LF:41
LH:41
BRDA:1,0,0,1
BRDA:7,1,0,2
BRDA:10,2,0,1
BRDA:10,3,0,1
BRDA:14,4,0,1
BRDA:14,5,0,1
BRDA:22,6,0,10
BRDA:23,7,0,8
BRDA:23,8,0,4
BRDA:24,9,0,2
BRDA:31,10,0,8
BRDA:31,11,0,4
BRDA:34,12,0,2
BRDA:34,13,0,2
BRF:14
BRH:14
end_of_record
TN:
SF:src/parsers.js
FN:3,parserJson
FN:4,parserYaml
FNF:2
FNH:2
FNDA:2,parserJson
FNDA:2,parserYaml
DA:1,1
DA:2,1
DA:3,1
DA:4,1
LF:4
LH:4
BRDA:1,0,0,1
BRDA:3,1,0,2
BRDA:4,2,0,2
BRF:3
BRH:3
end_of_record
